<?xml version="1.0" encoding="UTF-8"?>
<!-- Generated by org.testng.reporters.JUnitReportReporter -->
<testsuite hostname="UIDeveloper" failures="0" tests="9" name="demo.mastersequence" time="-1652185984.000" errors="1" timestamp="2022-05-10T18:04:31 IST" skipped="8">
  <testcase classname="demo.mastersequence" name="Claim_Rej" time="0.000">
    <skipped/>
  </testcase> <!-- Claim_Rej -->
  <system-out/>
  <testcase classname="demo.mastersequence" name="User_SDLC" time="0.000">
    <skipped/>
  </testcase> <!-- User_SDLC -->
  <system-out/>
  <testcase classname="demo.mastersequence" name="Userslmc" time="0.000">
    <skipped/>
  </testcase> <!-- Userslmc -->
  <system-out/>
  <testcase classname="demo.mastersequence" name="User_VFRC" time="0.000">
    <skipped/>
  </testcase> <!-- User_VFRC -->
  <system-out/>
  <testcase classname="demo.mastersequence" name="setup" time="-1652185984.000">
    <error message="
Parameter &#039;browser&#039; is required by BeforeTest on method setup but has not been marked @Optional or defined
in C:\Users\niting\AppData\Local\Temp\testng-eclipse-1403008730\testng-customsuite.xml" type="org.testng.TestNGException">
      <![CDATA[org.testng.TestNGException: 
Parameter 'browser' is required by BeforeTest on method setup but has not been marked @Optional or defined
in C:\Users\niting\AppData\Local\Temp\testng-eclipse-1403008730\testng-customsuite.xml
at org.testng.internal.Parameters.createParams(Parameters.java:270)
at org.testng.internal.Parameters.createParametersForMethod(Parameters.java:358)
at org.testng.internal.Parameters.createParameters(Parameters.java:700)
at org.testng.internal.Parameters.createConfigurationParameters(Parameters.java:168)
at org.testng.internal.ConfigInvoker.invokeConfigurations(ConfigInvoker.java:302)
at org.testng.TestRunner.invokeTestConfigurations(TestRunner.java:637)
at org.testng.TestRunner.beforeRun(TestRunner.java:627)
at org.testng.TestRunner.run(TestRunner.java:589)
at org.testng.SuiteRunner.runTest(SuiteRunner.java:377)
at org.testng.SuiteRunner.runSequentially(SuiteRunner.java:371)
at org.testng.SuiteRunner.privateRun(SuiteRunner.java:332)
at org.testng.SuiteRunner.run(SuiteRunner.java:276)
at org.testng.SuiteRunnerWorker.runSuite(SuiteRunnerWorker.java:53)
at org.testng.SuiteRunnerWorker.run(SuiteRunnerWorker.java:96)
at org.testng.TestNG.runSuitesSequentially(TestNG.java:1212)
at org.testng.TestNG.runSuitesLocally(TestNG.java:1134)
at org.testng.TestNG.runSuites(TestNG.java:1063)
at org.testng.TestNG.run(TestNG.java:1031)
at org.testng.remote.AbstractRemoteTestNG.run(AbstractRemoteTestNG.java:115)
at org.testng.remote.RemoteTestNG.initAndRun(RemoteTestNG.java:251)
at org.testng.remote.RemoteTestNG.main(RemoteTestNG.java:77)
]]>
    </error>
  </testcase> <!-- setup -->
  <system-out/>
  <testcase classname="demo.mastersequence" name="Designation" time="0.000">
    <skipped/>
  </testcase> <!-- Designation -->
  <system-out/>
  <testcase classname="demo.mastersequence" name="USER_DLC" time="0.000">
    <skipped/>
  </testcase> <!-- USER_DLC -->
  <system-out/>
  <testcase classname="demo.mastersequence" name="User_DVLC" time="0.000">
    <skipped/>
  </testcase> <!-- User_DVLC -->
  <system-out/>
  <testcase classname="demo.mastersequence" name="Panchayat" time="0.000">
    <skipped/>
  </testcase> <!-- Panchayat -->
  <system-out/>
</testsuite> <!-- demo.mastersequence -->
